TN:
SF:src\Controllers\BlogController.ts
FN:16,createblog
FN:46,updateT
FN:75,deleteT
FN:93,findOneBlog
FN:103,findAllBlog
FNF:5
FNH:5
FNDA:4,createblog
FNDA:2,updateT
FNDA:2,deleteT
FNDA:2,findOneBlog
FNDA:1,findAllBlog
DA:1,1
DA:2,1
DA:3,1
DA:4,1
DA:5,1
DA:6,1
DA:7,1
DA:8,1
DA:9,1
DA:10,1
DA:11,1
DA:12,1
DA:13,1
DA:14,1
DA:15,1
DA:16,1
DA:17,4
DA:18,4
DA:19,1
DA:20,1
DA:21,3
DA:22,4
DA:23,1
DA:24,1
DA:25,1
DA:26,1
DA:27,4
DA:28,1
DA:29,1
DA:30,1
DA:31,1
DA:32,1
DA:33,1
DA:34,1
DA:35,1
DA:36,1
DA:37,1
DA:38,1
DA:39,1
DA:40,1
DA:41,1
DA:42,1
DA:43,1
DA:44,1
DA:45,1
DA:46,1
DA:47,2
DA:48,2
DA:49,2
DA:50,1
DA:51,1
DA:52,1
DA:53,1
DA:54,1
DA:55,1
DA:56,1
DA:57,1
DA:58,1
DA:59,1
DA:60,1
DA:61,1
DA:62,2
DA:63,2
DA:64,2
DA:65,2
DA:66,2
DA:67,2
DA:68,1
DA:69,1
DA:70,1
DA:71,1
DA:72,1
DA:73,1
DA:74,1
DA:75,1
DA:76,2
DA:77,2
DA:78,2
DA:79,2
DA:80,1
DA:81,1
DA:82,1
DA:83,1
DA:84,1
DA:85,1
DA:86,1
DA:87,1
DA:88,1
DA:89,1
DA:90,1
DA:91,1
DA:92,1
DA:93,1
DA:94,2
DA:95,2
DA:96,1
DA:97,1
DA:98,1
DA:99,1
DA:100,2
DA:101,1
DA:102,1
DA:103,1
DA:104,1
DA:105,1
DA:106,1
DA:107,1
DA:108,1
DA:109,1
LF:109
LH:109
BRDA:16,0,0,4
BRDA:18,1,0,1
BRDA:21,2,0,3
BRDA:22,3,0,1
BRDA:27,4,0,2
BRDA:27,5,0,1
BRDA:46,6,0,2
BRDA:49,7,0,1
BRDA:62,8,0,0
BRDA:63,9,0,1
BRDA:63,10,0,0
BRDA:64,11,0,1
BRDA:64,12,0,0
BRDA:68,13,0,1
BRDA:75,14,0,2
BRDA:79,15,0,1
BRDA:93,16,0,2
BRDA:95,17,0,1
BRDA:103,18,0,1
BRF:19
BRH:16
end_of_record
TN:
SF:src\Controllers\CommentController.ts
FN:13,addComment
FN:38,likeBlog
FNF:2
FNH:2
FNDA:2,addComment
FNDA:3,likeBlog
DA:1,1
DA:2,1
DA:3,1
DA:4,1
DA:5,1
DA:6,1
DA:7,1
DA:8,1
DA:9,1
DA:10,1
DA:11,1
DA:12,1
DA:13,1
DA:14,2
DA:15,2
DA:16,2
DA:17,2
DA:18,1
DA:19,1
DA:20,1
DA:21,2
DA:22,0
DA:23,0
DA:24,1
DA:25,1
DA:26,1
DA:27,1
DA:28,1
DA:29,1
DA:30,1
DA:31,1
DA:32,1
DA:33,1
DA:34,1
DA:35,1
DA:36,1
DA:37,1
DA:38,1
DA:39,3
DA:40,3
DA:41,3
DA:42,3
DA:43,3
DA:44,1
DA:45,1
DA:46,3
DA:47,0
DA:48,0
DA:49,3
DA:50,1
DA:51,1
DA:52,1
DA:53,1
DA:54,1
DA:55,1
DA:56,1
DA:57,1
DA:58,1
DA:59,1
DA:60,1
DA:61,1
DA:62,1
LF:62
LH:58
BRDA:13,0,0,2
BRDA:17,1,0,1
BRDA:21,2,0,0
BRDA:24,3,0,1
BRDA:38,4,0,3
BRDA:43,5,0,1
BRDA:46,6,0,2
BRDA:46,7,0,0
BRDA:49,8,0,2
BRDA:49,9,0,1
BRF:10
BRH:8
end_of_record
TN:
SF:src\Controllers\MessageController.ts
FN:7,sendMessage
FN:27,deleteM
FN:44,findOneMessage
FN:54,findAllMessage
FNF:4
FNH:4
FNDA:2,sendMessage
FNDA:2,deleteM
FNDA:2,findOneMessage
FNDA:1,findAllMessage
DA:1,1
DA:2,1
DA:3,1
DA:4,1
DA:5,1
DA:6,1
DA:7,1
DA:8,2
DA:9,2
DA:10,1
DA:11,1
DA:12,1
DA:13,1
DA:14,1
DA:15,1
DA:16,1
DA:17,1
DA:18,1
DA:19,1
DA:20,1
DA:21,1
DA:22,1
DA:23,1
DA:24,1
DA:25,1
DA:26,1
DA:27,1
DA:28,2
DA:29,2
DA:30,2
DA:31,2
DA:32,1
DA:33,1
DA:34,1
DA:35,1
DA:36,1
DA:37,1
DA:38,1
DA:39,1
DA:40,1
DA:41,2
DA:42,1
DA:43,1
DA:44,1
DA:45,2
DA:46,2
DA:47,1
DA:48,1
DA:49,1
DA:50,1
DA:51,2
DA:52,1
DA:53,1
DA:54,1
DA:55,1
DA:56,1
DA:57,1
DA:58,1
DA:59,1
DA:60,1
DA:61,1
LF:61
LH:61
BRDA:7,0,0,2
BRDA:9,1,0,1
BRDA:27,2,0,2
BRDA:31,3,0,1
BRDA:44,4,0,2
BRDA:46,5,0,1
BRDA:54,6,0,1
BRF:7
BRH:7
end_of_record
TN:
SF:src\Controllers\userController.ts
FN:13,login
FN:47,signup
FN:81,updateT
FN:115,deleteT
FN:132,findOneUser
FN:143,findAllUser
FNF:6
FNH:6
FNDA:4,login
FNDA:6,signup
FNDA:3,updateT
FNDA:2,deleteT
FNDA:2,findOneUser
FNDA:1,findAllUser
DA:1,1
DA:2,1
DA:3,1
DA:4,1
DA:5,1
DA:6,1
DA:7,1
DA:8,1
DA:9,1
DA:10,1
DA:11,1
DA:12,1
DA:13,1
DA:14,4
DA:15,4
DA:16,1
DA:17,1
DA:18,3
DA:19,3
DA:20,3
DA:21,3
DA:22,4
DA:23,1
DA:24,1
DA:25,2
DA:26,2
DA:27,2
DA:28,2
DA:29,2
DA:30,2
DA:31,4
DA:32,1
DA:33,1
DA:34,1
DA:35,1
DA:36,1
DA:37,1
DA:38,1
DA:39,1
DA:40,1
DA:41,1
DA:42,1
DA:43,1
DA:44,4
DA:45,1
DA:46,1
DA:47,1
DA:48,6
DA:49,6
DA:50,4
DA:51,4
DA:52,2
DA:53,2
DA:54,2
DA:55,6
DA:56,1
DA:57,1
DA:58,1
DA:59,1
DA:60,1
DA:61,1
DA:62,1
DA:63,1
DA:64,1
DA:65,1
DA:66,1
DA:67,1
DA:68,6
DA:69,6
DA:70,6
DA:71,6
DA:72,6
DA:73,6
DA:74,6
DA:75,6
DA:76,6
DA:77,1
DA:78,1
DA:79,1
DA:80,1
DA:81,1
DA:82,3
DA:83,3
DA:84,1
DA:85,1
DA:86,2
DA:87,2
DA:88,2
DA:89,2
DA:90,2
DA:91,3
DA:92,1
DA:93,1
DA:94,1
DA:95,1
DA:96,1
DA:97,1
DA:98,1
DA:99,1
DA:100,1
DA:101,3
DA:102,3
DA:103,3
DA:104,3
DA:105,3
DA:106,3
DA:107,3
DA:108,1
DA:109,1
DA:110,1
DA:111,1
DA:112,1
DA:113,1
DA:114,1
DA:115,1
DA:116,2
DA:117,2
DA:118,2
DA:119,1
DA:120,1
DA:121,1
DA:122,1
DA:123,1
DA:124,1
DA:125,1
DA:126,1
DA:127,1
DA:128,1
DA:129,2
DA:130,1
DA:131,1
DA:132,1
DA:133,2
DA:134,2
DA:135,1
DA:136,1
DA:137,1
DA:138,1
DA:139,1
DA:140,1
DA:141,2
DA:142,1
DA:143,1
DA:144,1
DA:145,1
DA:146,1
DA:147,1
DA:148,1
DA:149,1
LF:149
LH:149
BRDA:13,0,0,4
BRDA:15,1,0,1
BRDA:18,2,0,3
BRDA:22,3,0,1
BRDA:25,4,0,2
BRDA:31,5,0,1
BRDA:34,6,0,0
BRDA:47,7,0,6
BRDA:49,8,0,4
BRDA:52,9,0,2
BRDA:55,10,0,1
BRDA:68,11,0,0
BRDA:81,12,0,3
BRDA:83,13,0,1
BRDA:86,14,0,2
BRDA:91,15,0,1
BRDA:101,16,0,0
BRDA:102,17,0,1
BRDA:102,18,0,0
BRDA:103,19,0,1
BRDA:103,20,0,0
BRDA:104,21,0,0
BRDA:104,22,0,1
BRDA:108,23,0,1
BRDA:115,24,0,2
BRDA:118,25,0,1
BRDA:132,26,0,2
BRDA:134,27,0,1
BRDA:143,28,0,1
BRF:29
BRH:23
end_of_record
TN:
SF:src\Middlewares\checkAdmin.ts
FN:15,checkAdmin
FNF:1
FNH:1
FNDA:20,checkAdmin
DA:1,1
DA:2,1
DA:3,1
DA:4,1
DA:5,1
DA:6,1
DA:7,1
DA:8,1
DA:9,1
DA:10,1
DA:11,1
DA:12,1
DA:13,1
DA:14,1
DA:15,1
DA:16,20
DA:17,20
DA:18,20
DA:19,20
DA:20,20
DA:21,20
DA:22,20
DA:23,20
DA:24,1
DA:25,1
DA:26,19
DA:27,20
DA:28,20
DA:29,20
DA:30,0
DA:31,0
DA:32,16
DA:33,16
DA:34,16
DA:35,20
DA:36,15
DA:37,15
DA:38,20
DA:39,1
DA:40,1
DA:41,1
DA:42,1
DA:43,20
DA:44,3
DA:45,1
DA:46,3
DA:47,1
DA:48,1
DA:49,1
DA:50,1
DA:51,3
DA:52,20
DA:53,1
DA:54,1
LF:54
LH:52
BRDA:15,0,0,20
BRDA:19,1,0,20
BRDA:23,2,0,1
BRDA:26,3,0,19
BRDA:27,4,0,0
BRDA:29,5,0,16
BRDA:29,6,0,16
BRDA:29,7,0,0
BRDA:32,8,0,16
BRDA:35,9,0,0
BRDA:35,10,0,16
BRDA:35,11,0,15
BRDA:38,12,0,1
BRDA:43,13,0,3
BRDA:44,14,0,1
BRDA:46,15,0,2
BRDA:46,16,0,1
BRF:17
BRH:14
end_of_record
TN:
SF:src\Middlewares\mustHaveAccount.ts
FN:15,authMiddleware
FNF:1
FNH:1
FNDA:13,authMiddleware
DA:1,1
DA:2,1
DA:3,1
DA:4,1
DA:5,1
DA:6,1
DA:7,1
DA:8,1
DA:9,1
DA:10,1
DA:11,1
DA:12,1
DA:13,1
DA:14,1
DA:15,1
DA:16,13
DA:17,13
DA:18,13
DA:19,13
DA:20,13
DA:21,13
DA:22,13
DA:23,13
DA:24,1
DA:25,1
DA:26,12
DA:27,13
DA:28,13
DA:29,13
DA:30,0
DA:31,0
DA:32,7
DA:33,7
DA:34,7
DA:35,13
DA:36,6
DA:37,6
DA:38,13
DA:39,1
DA:40,1
DA:41,13
DA:42,5
DA:43,1
DA:44,5
DA:45,3
DA:46,4
DA:47,1
DA:48,1
DA:49,5
DA:50,13
DA:51,1
DA:52,1
LF:52
LH:50
BRDA:15,0,0,13
BRDA:19,1,0,13
BRDA:23,2,0,1
BRDA:26,3,0,12
BRDA:27,4,0,0
BRDA:29,5,0,7
BRDA:29,6,0,7
BRDA:29,7,0,0
BRDA:32,8,0,7
BRDA:35,9,0,6
BRDA:38,10,0,1
BRDA:41,11,0,5
BRDA:42,12,0,1
BRDA:44,13,0,4
BRDA:44,14,0,3
BRDA:46,15,0,1
BRF:16
BRH:14
end_of_record
TN:
SF:src\Models\blogModel.ts
FN:28,validateBlog
FNF:1
FNH:1
FNDA:4,validateBlog
DA:1,1
DA:2,1
DA:3,1
DA:4,1
DA:5,1
DA:6,1
DA:7,1
DA:8,1
DA:9,1
DA:10,1
DA:11,1
DA:12,1
DA:13,1
DA:14,1
DA:15,1
DA:16,1
DA:17,1
DA:18,1
DA:19,1
DA:20,1
DA:21,1
DA:22,1
DA:23,1
DA:24,1
DA:25,1
DA:26,1
DA:27,1
DA:28,1
DA:29,4
DA:30,4
DA:31,1
DA:32,1
DA:33,1
DA:34,1
DA:35,1
DA:36,1
DA:37,1
DA:38,1
DA:39,1
DA:40,1
DA:41,1
DA:42,1
DA:43,1
DA:44,1
DA:45,1
DA:46,1
DA:47,1
DA:48,1
DA:49,1
DA:50,1
DA:51,1
DA:52,1
DA:53,1
DA:54,1
DA:55,1
DA:56,1
DA:57,1
DA:58,1
DA:59,1
DA:60,1
DA:61,1
DA:62,1
DA:63,1
DA:64,1
DA:65,1
DA:66,1
DA:67,1
DA:68,1
DA:69,1
DA:70,1
DA:71,1
DA:72,1
DA:73,1
DA:74,1
DA:75,1
DA:76,1
DA:77,1
DA:78,1
DA:79,1
DA:80,1
DA:81,1
DA:82,1
DA:83,1
DA:84,1
DA:85,1
DA:86,1
DA:87,1
DA:88,1
DA:89,1
DA:90,1
LF:90
LH:90
BRDA:28,0,0,4
BRF:1
BRH:1
end_of_record
TN:
SF:src\Models\messageModel.ts
FN:20,validateMessage
FNF:1
FNH:1
FNDA:2,validateMessage
DA:1,1
DA:2,1
DA:3,1
DA:4,1
DA:5,1
DA:6,1
DA:7,1
DA:8,1
DA:9,1
DA:10,1
DA:11,1
DA:12,1
DA:13,1
DA:14,1
DA:15,1
DA:16,1
DA:17,1
DA:18,1
DA:19,1
DA:20,1
DA:21,2
DA:22,2
DA:23,1
DA:24,1
DA:25,1
DA:26,1
DA:27,1
DA:28,1
DA:29,1
DA:30,1
DA:31,1
DA:32,1
DA:33,1
DA:34,1
DA:35,1
DA:36,1
DA:37,1
DA:38,1
DA:39,1
DA:40,1
DA:41,1
DA:42,1
LF:42
LH:42
BRDA:20,0,0,2
BRF:1
BRH:1
end_of_record
TN:
SF:src\Models\userModel.ts
FN:20,validateUser
FN:29,validatelogin
FN:40,validateUserUpdating
FNF:3
FNH:3
FNDA:6,validateUser
FNDA:4,validatelogin
FNDA:3,validateUserUpdating
DA:1,1
DA:2,1
DA:3,1
DA:4,1
DA:5,1
DA:6,1
DA:7,1
DA:8,1
DA:9,1
DA:10,1
DA:11,1
DA:12,1
DA:13,1
DA:14,1
DA:15,1
DA:16,1
DA:17,1
DA:18,1
DA:19,1
DA:20,1
DA:21,6
DA:22,6
DA:23,1
DA:24,1
DA:25,1
DA:26,1
DA:27,1
DA:28,1
DA:29,1
DA:30,4
DA:31,4
DA:32,1
DA:33,1
DA:34,1
DA:35,1
DA:36,1
DA:37,1
DA:38,1
DA:39,1
DA:40,1
DA:41,3
DA:42,3
DA:43,1
DA:44,1
DA:45,1
DA:46,1
DA:47,1
DA:48,1
DA:49,1
DA:50,1
DA:51,1
DA:52,1
DA:53,1
DA:54,1
LF:54
LH:54
BRDA:20,0,0,6
BRDA:29,1,0,4
BRDA:40,2,0,3
BRF:3
BRH:3
end_of_record
TN:
SF:src\Routes\blogRoutes.ts
FNF:0
FNH:0
DA:1,1
DA:2,1
DA:3,1
DA:4,1
DA:5,1
DA:6,1
DA:7,1
DA:8,1
DA:9,1
DA:10,1
DA:11,1
DA:12,1
DA:13,1
DA:14,1
DA:15,1
DA:16,1
DA:17,1
DA:18,1
LF:18
LH:18
BRF:0
BRH:0
end_of_record
TN:
SF:src\Routes\commentRoutes.ts
FNF:0
FNH:0
DA:1,1
DA:2,1
DA:3,1
DA:4,1
DA:5,1
DA:6,1
DA:7,1
DA:8,1
DA:9,1
DA:10,1
DA:11,1
LF:11
LH:11
BRF:0
BRH:0
end_of_record
TN:
SF:src\Routes\messageRoutes.ts
FNF:0
FNH:0
DA:1,1
DA:2,1
DA:3,1
DA:4,1
DA:5,1
DA:6,1
DA:7,1
DA:8,1
DA:9,1
DA:10,1
DA:11,1
LF:11
LH:11
BRF:0
BRH:0
end_of_record
TN:
SF:src\Routes\userRoutes.ts
FNF:0
FNH:0
DA:1,1
DA:2,1
DA:3,1
DA:4,1
DA:5,1
DA:6,1
DA:7,1
DA:8,1
DA:9,1
DA:10,1
DA:11,1
DA:12,1
LF:12
LH:12
BRF:0
BRH:0
end_of_record
TN:
SF:src\helpers\multer.ts
FN:10,fileFilter
FNF:1
FNH:1
FNDA:6,fileFilter
DA:1,1
DA:2,1
DA:3,1
DA:4,1
DA:5,1
DA:6,1
DA:7,1
DA:8,1
DA:9,1
DA:10,1
DA:11,6
DA:12,6
DA:13,6
DA:14,6
DA:15,6
DA:16,6
DA:17,6
DA:18,6
DA:19,6
DA:20,6
DA:21,6
DA:22,6
DA:23,1
DA:24,6
DA:25,1
DA:26,6
DA:27,5
DA:28,5
DA:29,1
DA:30,1
LF:30
LH:30
BRDA:10,0,0,6
BRDA:17,1,0,1
BRDA:18,2,0,1
BRDA:19,3,0,1
BRDA:20,4,0,1
BRDA:21,5,0,1
BRDA:22,6,0,1
BRDA:24,7,0,1
BRDA:26,8,0,5
BRF:9
BRH:9
end_of_record
